<?xml version="1.0" encoding="UTF-8"?>
<!-- Generated by org.testng.reporters.JUnitXMLReporter -->
<testsuite ignored="0" hostname="DESKTOP-E3SISK3" failures="0" tests="9" name="Default test" time="86.261" errors="0" timestamp="2025-07-30T18:18:31 WAT">
  <testcase classname="com.lineairecode.extent.STSauceLabsOptimised" name="failedLoginTest" time="0.685"/>
  <testcase classname="com.lineairecode.extent.STSauceLabsOptimised" name="lockedOutUserTest" time="0.523"/>
  <testcase classname="com.lineairecode.extent.STSauceLabsOptimised" name="validLoginTest" time="0.622"/>
  <testcase classname="com.lineairecode.extent.STSauceLabsOptimised" name="addToCartTest" time="0.172"/>
  <testcase classname="com.lineairecode.extent.STSauceLabsOptimised" name="viewCartTest" time="0.21"/>
  <testcase classname="com.lineairecode.extent.STSauceLabsOptimised" name="removeFromCartTest" time="0.177"/>
  <testcase classname="com.lineairecode.extent.STSauceLabsOptimised" name="checkOutTest" time="0.96"/>
  <testcase classname="com.lineairecode.extent.STSauceLabsOptimised" name="filterProductsTest" time="0.508"/>
  <testcase classname="com.lineairecode.extent.STSauceLabsOptimised" name="logOutTest" time="0.846"/>
</testsuite> <!-- Default test -->
