<?xml version="1.0" encoding="UTF-8"?>
<testng-results ignored="0" total="9" passed="9" failed="0" skipped="0">
  <reporter-output>
  </reporter-output>
  <suite started-at="2025-07-30T18:17:04 WAT" name="Default suite" finished-at="2025-07-30T18:18:30 WAT" duration-ms="86261">
    <groups>
    </groups>
    <test started-at="2025-07-30T18:17:04 WAT" name="Default test" finished-at="2025-07-30T18:18:30 WAT" duration-ms="86261">
      <class name="com.lineairecode.extent.STSauceLabsOptimised">
        <test-method is-config="true" signature="setupBeforeSuite()[pri:0, instance:com.lineairecode.extent.STSauceLabsOptimised@69453e37]" started-at="2025-07-30T18:17:03 WAT" name="setupBeforeSuite" finished-at="2025-07-30T18:17:04 WAT" duration-ms="828" status="PASS">
          <reporter-output>
          </reporter-output>
        </test-method> <!-- setupBeforeSuite -->
        <test-method is-config="true" signature="setupBeforeClass()[pri:0, instance:com.lineairecode.extent.STSauceLabsOptimised@69453e37]" started-at="2025-07-30T18:17:04 WAT" name="setupBeforeClass" finished-at="2025-07-30T18:18:01 WAT" duration-ms="57109" status="PASS">
          <reporter-output>
          </reporter-output>
        </test-method> <!-- setupBeforeClass -->
        <test-method is-config="true" signature="setupBeforeMethod(org.testng.ITestResult)[pri:0, instance:com.lineairecode.extent.STSauceLabsOptimised@69453e37]" started-at="2025-07-30T18:18:01 WAT" name="setupBeforeMethod" finished-at="2025-07-30T18:18:05 WAT" duration-ms="3986" status="PASS">
          <params>
            <param index="0">
              <value>
                <![CDATA[[TestResult name={null} status=CREATED method=STSauceLabsOptimised.failedLoginTest()[pri:1, instance:com.lineairecode.extent.STSauceLabsOptimised@69453e37] output={null}]]]>
              </value>
            </param>
          </params>
          <reporter-output>
          </reporter-output>
        </test-method> <!-- setupBeforeMethod -->
        <test-method signature="failedLoginTest()[pri:1, instance:com.lineairecode.extent.STSauceLabsOptimised@69453e37]" started-at="2025-07-30T18:18:05 WAT" name="failedLoginTest" finished-at="2025-07-30T18:18:06 WAT" duration-ms="685" status="PASS">
          <reporter-output>
          </reporter-output>
        </test-method> <!-- failedLoginTest -->
        <test-method is-config="true" signature="tearDownMethod(org.testng.ITestResult)[pri:0, instance:com.lineairecode.extent.STSauceLabsOptimised@69453e37]" started-at="2025-07-30T18:18:06 WAT" name="tearDownMethod" finished-at="2025-07-30T18:18:08 WAT" duration-ms="2254" status="PASS">
          <params>
            <param index="0">
              <value>
                <![CDATA[[TestResult name=failedLoginTest status=SUCCESS method=STSauceLabsOptimised.failedLoginTest()[pri:1, instance:com.lineairecode.extent.STSauceLabsOptimised@69453e37] output={null}]]]>
              </value>
            </param>
          </params>
          <reporter-output>
          </reporter-output>
        </test-method> <!-- tearDownMethod -->
        <test-method is-config="true" signature="setupBeforeMethod(org.testng.ITestResult)[pri:0, instance:com.lineairecode.extent.STSauceLabsOptimised@69453e37]" started-at="2025-07-30T18:18:08 WAT" name="setupBeforeMethod" finished-at="2025-07-30T18:18:08 WAT" duration-ms="14" status="PASS">
          <params>
            <param index="0">
              <value>
                <![CDATA[[TestResult name={null} status=CREATED method=STSauceLabsOptimised.lockedOutUserTest()[pri:2, instance:com.lineairecode.extent.STSauceLabsOptimised@69453e37] output={null}]]]>
              </value>
            </param>
          </params>
          <reporter-output>
          </reporter-output>
        </test-method> <!-- setupBeforeMethod -->
        <test-method signature="lockedOutUserTest()[pri:2, instance:com.lineairecode.extent.STSauceLabsOptimised@69453e37]" started-at="2025-07-30T18:18:08 WAT" name="lockedOutUserTest" finished-at="2025-07-30T18:18:09 WAT" duration-ms="523" status="PASS">
          <reporter-output>
          </reporter-output>
        </test-method> <!-- lockedOutUserTest -->
        <test-method is-config="true" signature="tearDownMethod(org.testng.ITestResult)[pri:0, instance:com.lineairecode.extent.STSauceLabsOptimised@69453e37]" started-at="2025-07-30T18:18:09 WAT" name="tearDownMethod" finished-at="2025-07-30T18:18:11 WAT" duration-ms="2183" status="PASS">
          <params>
            <param index="0">
              <value>
                <![CDATA[[TestResult name=lockedOutUserTest status=SUCCESS method=STSauceLabsOptimised.lockedOutUserTest()[pri:2, instance:com.lineairecode.extent.STSauceLabsOptimised@69453e37] output={null}]]]>
              </value>
            </param>
          </params>
          <reporter-output>
          </reporter-output>
        </test-method> <!-- tearDownMethod -->
        <test-method is-config="true" signature="setupBeforeMethod(org.testng.ITestResult)[pri:0, instance:com.lineairecode.extent.STSauceLabsOptimised@69453e37]" started-at="2025-07-30T18:18:11 WAT" name="setupBeforeMethod" finished-at="2025-07-30T18:18:11 WAT" duration-ms="7" status="PASS">
          <params>
            <param index="0">
              <value>
                <![CDATA[[TestResult name={null} status=CREATED method=STSauceLabsOptimised.validLoginTest()[pri:3, instance:com.lineairecode.extent.STSauceLabsOptimised@69453e37] output={null}]]]>
              </value>
            </param>
          </params>
          <reporter-output>
          </reporter-output>
        </test-method> <!-- setupBeforeMethod -->
        <test-method signature="validLoginTest()[pri:3, instance:com.lineairecode.extent.STSauceLabsOptimised@69453e37]" started-at="2025-07-30T18:18:11 WAT" name="validLoginTest" finished-at="2025-07-30T18:18:12 WAT" duration-ms="622" status="PASS">
          <reporter-output>
          </reporter-output>
        </test-method> <!-- validLoginTest -->
        <test-method is-config="true" signature="tearDownMethod(org.testng.ITestResult)[pri:0, instance:com.lineairecode.extent.STSauceLabsOptimised@69453e37]" started-at="2025-07-30T18:18:12 WAT" name="tearDownMethod" finished-at="2025-07-30T18:18:14 WAT" duration-ms="2397" status="PASS">
          <params>
            <param index="0">
              <value>
                <![CDATA[[TestResult name=validLoginTest status=SUCCESS method=STSauceLabsOptimised.validLoginTest()[pri:3, instance:com.lineairecode.extent.STSauceLabsOptimised@69453e37] output={null}]]]>
              </value>
            </param>
          </params>
          <reporter-output>
          </reporter-output>
        </test-method> <!-- tearDownMethod -->
        <test-method is-config="true" signature="setupBeforeMethod(org.testng.ITestResult)[pri:0, instance:com.lineairecode.extent.STSauceLabsOptimised@69453e37]" started-at="2025-07-30T18:18:14 WAT" name="setupBeforeMethod" finished-at="2025-07-30T18:18:14 WAT" duration-ms="5" status="PASS">
          <params>
            <param index="0">
              <value>
                <![CDATA[[TestResult name={null} status=CREATED method=STSauceLabsOptimised.addToCartTest()[pri:4, instance:com.lineairecode.extent.STSauceLabsOptimised@69453e37] output={null}]]]>
              </value>
            </param>
          </params>
          <reporter-output>
          </reporter-output>
        </test-method> <!-- setupBeforeMethod -->
        <test-method signature="addToCartTest()[pri:4, instance:com.lineairecode.extent.STSauceLabsOptimised@69453e37]" started-at="2025-07-30T18:18:14 WAT" name="addToCartTest" finished-at="2025-07-30T18:18:14 WAT" duration-ms="172" status="PASS">
          <reporter-output>
          </reporter-output>
        </test-method> <!-- addToCartTest -->
        <test-method is-config="true" signature="tearDownMethod(org.testng.ITestResult)[pri:0, instance:com.lineairecode.extent.STSauceLabsOptimised@69453e37]" started-at="2025-07-30T18:18:14 WAT" name="tearDownMethod" finished-at="2025-07-30T18:18:17 WAT" duration-ms="2169" status="PASS">
          <params>
            <param index="0">
              <value>
                <![CDATA[[TestResult name=addToCartTest status=SUCCESS method=STSauceLabsOptimised.addToCartTest()[pri:4, instance:com.lineairecode.extent.STSauceLabsOptimised@69453e37] output={null}]]]>
              </value>
            </param>
          </params>
          <reporter-output>
          </reporter-output>
        </test-method> <!-- tearDownMethod -->
        <test-method is-config="true" signature="setupBeforeMethod(org.testng.ITestResult)[pri:0, instance:com.lineairecode.extent.STSauceLabsOptimised@69453e37]" started-at="2025-07-30T18:18:17 WAT" name="setupBeforeMethod" finished-at="2025-07-30T18:18:17 WAT" duration-ms="8" status="PASS">
          <params>
            <param index="0">
              <value>
                <![CDATA[[TestResult name={null} status=CREATED method=STSauceLabsOptimised.viewCartTest()[pri:5, instance:com.lineairecode.extent.STSauceLabsOptimised@69453e37] output={null}]]]>
              </value>
            </param>
          </params>
          <reporter-output>
          </reporter-output>
        </test-method> <!-- setupBeforeMethod -->
        <test-method signature="viewCartTest()[pri:5, instance:com.lineairecode.extent.STSauceLabsOptimised@69453e37]" started-at="2025-07-30T18:18:17 WAT" name="viewCartTest" finished-at="2025-07-30T18:18:17 WAT" duration-ms="210" status="PASS">
          <reporter-output>
          </reporter-output>
        </test-method> <!-- viewCartTest -->
        <test-method is-config="true" signature="tearDownMethod(org.testng.ITestResult)[pri:0, instance:com.lineairecode.extent.STSauceLabsOptimised@69453e37]" started-at="2025-07-30T18:18:17 WAT" name="tearDownMethod" finished-at="2025-07-30T18:18:19 WAT" duration-ms="2178" status="PASS">
          <params>
            <param index="0">
              <value>
                <![CDATA[[TestResult name=viewCartTest status=SUCCESS method=STSauceLabsOptimised.viewCartTest()[pri:5, instance:com.lineairecode.extent.STSauceLabsOptimised@69453e37] output={null}]]]>
              </value>
            </param>
          </params>
          <reporter-output>
          </reporter-output>
        </test-method> <!-- tearDownMethod -->
        <test-method is-config="true" signature="setupBeforeMethod(org.testng.ITestResult)[pri:0, instance:com.lineairecode.extent.STSauceLabsOptimised@69453e37]" started-at="2025-07-30T18:18:19 WAT" name="setupBeforeMethod" finished-at="2025-07-30T18:18:19 WAT" duration-ms="16" status="PASS">
          <params>
            <param index="0">
              <value>
                <![CDATA[[TestResult name={null} status=CREATED method=STSauceLabsOptimised.removeFromCartTest()[pri:6, instance:com.lineairecode.extent.STSauceLabsOptimised@69453e37] output={null}]]]>
              </value>
            </param>
          </params>
          <reporter-output>
          </reporter-output>
        </test-method> <!-- setupBeforeMethod -->
        <test-method signature="removeFromCartTest()[pri:6, instance:com.lineairecode.extent.STSauceLabsOptimised@69453e37]" started-at="2025-07-30T18:18:19 WAT" name="removeFromCartTest" finished-at="2025-07-30T18:18:19 WAT" duration-ms="177" status="PASS">
          <reporter-output>
          </reporter-output>
        </test-method> <!-- removeFromCartTest -->
        <test-method is-config="true" signature="tearDownMethod(org.testng.ITestResult)[pri:0, instance:com.lineairecode.extent.STSauceLabsOptimised@69453e37]" started-at="2025-07-30T18:18:19 WAT" name="tearDownMethod" finished-at="2025-07-30T18:18:21 WAT" duration-ms="2117" status="PASS">
          <params>
            <param index="0">
              <value>
                <![CDATA[[TestResult name=removeFromCartTest status=SUCCESS method=STSauceLabsOptimised.removeFromCartTest()[pri:6, instance:com.lineairecode.extent.STSauceLabsOptimised@69453e37] output={null}]]]>
              </value>
            </param>
          </params>
          <reporter-output>
          </reporter-output>
        </test-method> <!-- tearDownMethod -->
        <test-method is-config="true" signature="setupBeforeMethod(org.testng.ITestResult)[pri:0, instance:com.lineairecode.extent.STSauceLabsOptimised@69453e37]" started-at="2025-07-30T18:18:21 WAT" name="setupBeforeMethod" finished-at="2025-07-30T18:18:21 WAT" duration-ms="6" status="PASS">
          <params>
            <param index="0">
              <value>
                <![CDATA[[TestResult name={null} status=CREATED method=STSauceLabsOptimised.checkOutTest()[pri:7, instance:com.lineairecode.extent.STSauceLabsOptimised@69453e37] output={null}]]]>
              </value>
            </param>
          </params>
          <reporter-output>
          </reporter-output>
        </test-method> <!-- setupBeforeMethod -->
        <test-method signature="checkOutTest()[pri:7, instance:com.lineairecode.extent.STSauceLabsOptimised@69453e37]" started-at="2025-07-30T18:18:21 WAT" name="checkOutTest" finished-at="2025-07-30T18:18:22 WAT" duration-ms="960" status="PASS">
          <reporter-output>
          </reporter-output>
        </test-method> <!-- checkOutTest -->
        <test-method is-config="true" signature="tearDownMethod(org.testng.ITestResult)[pri:0, instance:com.lineairecode.extent.STSauceLabsOptimised@69453e37]" started-at="2025-07-30T18:18:22 WAT" name="tearDownMethod" finished-at="2025-07-30T18:18:24 WAT" duration-ms="2136" status="PASS">
          <params>
            <param index="0">
              <value>
                <![CDATA[[TestResult name=checkOutTest status=SUCCESS method=STSauceLabsOptimised.checkOutTest()[pri:7, instance:com.lineairecode.extent.STSauceLabsOptimised@69453e37] output={null}]]]>
              </value>
            </param>
          </params>
          <reporter-output>
          </reporter-output>
        </test-method> <!-- tearDownMethod -->
        <test-method is-config="true" signature="setupBeforeMethod(org.testng.ITestResult)[pri:0, instance:com.lineairecode.extent.STSauceLabsOptimised@69453e37]" started-at="2025-07-30T18:18:24 WAT" name="setupBeforeMethod" finished-at="2025-07-30T18:18:24 WAT" duration-ms="7" status="PASS">
          <params>
            <param index="0">
              <value>
                <![CDATA[[TestResult name={null} status=CREATED method=STSauceLabsOptimised.filterProductsTest()[pri:8, instance:com.lineairecode.extent.STSauceLabsOptimised@69453e37] output={null}]]]>
              </value>
            </param>
          </params>
          <reporter-output>
          </reporter-output>
        </test-method> <!-- setupBeforeMethod -->
        <test-method signature="filterProductsTest()[pri:8, instance:com.lineairecode.extent.STSauceLabsOptimised@69453e37]" started-at="2025-07-30T18:18:24 WAT" name="filterProductsTest" finished-at="2025-07-30T18:18:25 WAT" duration-ms="508" status="PASS">
          <reporter-output>
          </reporter-output>
        </test-method> <!-- filterProductsTest -->
        <test-method is-config="true" signature="tearDownMethod(org.testng.ITestResult)[pri:0, instance:com.lineairecode.extent.STSauceLabsOptimised@69453e37]" started-at="2025-07-30T18:18:25 WAT" name="tearDownMethod" finished-at="2025-07-30T18:18:27 WAT" duration-ms="2247" status="PASS">
          <params>
            <param index="0">
              <value>
                <![CDATA[[TestResult name=filterProductsTest status=SUCCESS method=STSauceLabsOptimised.filterProductsTest()[pri:8, instance:com.lineairecode.extent.STSauceLabsOptimised@69453e37] output={null}]]]>
              </value>
            </param>
          </params>
          <reporter-output>
          </reporter-output>
        </test-method> <!-- tearDownMethod -->
        <test-method is-config="true" signature="setupBeforeMethod(org.testng.ITestResult)[pri:0, instance:com.lineairecode.extent.STSauceLabsOptimised@69453e37]" started-at="2025-07-30T18:18:27 WAT" name="setupBeforeMethod" finished-at="2025-07-30T18:18:27 WAT" duration-ms="7" status="PASS">
          <params>
            <param index="0">
              <value>
                <![CDATA[[TestResult name={null} status=CREATED method=STSauceLabsOptimised.logOutTest()[pri:9, instance:com.lineairecode.extent.STSauceLabsOptimised@69453e37] output={null}]]]>
              </value>
            </param>
          </params>
          <reporter-output>
          </reporter-output>
        </test-method> <!-- setupBeforeMethod -->
        <test-method signature="logOutTest()[pri:9, instance:com.lineairecode.extent.STSauceLabsOptimised@69453e37]" started-at="2025-07-30T18:18:27 WAT" name="logOutTest" finished-at="2025-07-30T18:18:28 WAT" duration-ms="846" status="PASS">
          <reporter-output>
          </reporter-output>
        </test-method> <!-- logOutTest -->
        <test-method is-config="true" signature="tearDownMethod(org.testng.ITestResult)[pri:0, instance:com.lineairecode.extent.STSauceLabsOptimised@69453e37]" started-at="2025-07-30T18:18:28 WAT" name="tearDownMethod" finished-at="2025-07-30T18:18:30 WAT" duration-ms="2140" status="PASS">
          <params>
            <param index="0">
              <value>
                <![CDATA[[TestResult name=logOutTest status=SUCCESS method=STSauceLabsOptimised.logOutTest()[pri:9, instance:com.lineairecode.extent.STSauceLabsOptimised@69453e37] output={null}]]]>
              </value>
            </param>
          </params>
          <reporter-output>
          </reporter-output>
        </test-method> <!-- tearDownMethod -->
        <test-method is-config="true" signature="tearDownClass()[pri:0, instance:com.lineairecode.extent.STSauceLabsOptimised@69453e37]" started-at="2025-07-30T18:18:30 WAT" name="tearDownClass" finished-at="2025-07-30T18:18:30 WAT" duration-ms="342" status="PASS">
          <reporter-output>
          </reporter-output>
        </test-method> <!-- tearDownClass -->
        <test-method is-config="true" signature="tearDownSuite()[pri:0, instance:com.lineairecode.extent.STSauceLabsOptimised@69453e37]" started-at="2025-07-30T18:18:31 WAT" name="tearDownSuite" finished-at="2025-07-30T18:18:32 WAT" duration-ms="1197" status="PASS">
          <reporter-output>
          </reporter-output>
        </test-method> <!-- tearDownSuite -->
      </class> <!-- com.lineairecode.extent.STSauceLabsOptimised -->
    </test> <!-- Default test -->
  </suite> <!-- Default suite -->
</testng-results>
